<?xml version="1.0" encoding="UTF-8"?>
<!-- Generated by org.testng.reporters.JUnitXMLReporter -->
<testsuite ignored="1" hostname="PUNITP542434L" failures="0" tests="1" name="Default test" time="21.177" errors="0" timestamp="2024-04-27T15:25:39 IST">
  <testcase classname="com.LumaTestCases.footerLinkPageTest" name="validate_FooterLink_Notes" time="3.861"/>
  <testcase classname="com.LumaTestCases.footerLinkPageTest" name="validate_totalNumber_Of_FooterLinks" time="0.0">
    <ignored/>
  </testcase> <!-- validate_totalNumber_Of_FooterLinks -->
</testsuite> <!-- Default test -->
