<?xml version="1.0" encoding="UTF-8"?>
<testng-results ignored="1" total="2" passed="1" failed="0" skipped="0">
  <reporter-output>
  </reporter-output>
  <suite started-at="2024-04-27T15:25:18 IST" name="Default suite" finished-at="2024-04-27T15:25:39 IST" duration-ms="21177">
    <groups>
    </groups>
    <test started-at="2024-04-27T15:25:18 IST" name="Default test" finished-at="2024-04-27T15:25:39 IST" duration-ms="21177">
      <class name="com.LumaTestCases.footerLinkPageTest">
        <test-method is-config="true" signature="browserSetUp()[pri:0, instance:com.LumaTestCases.footerLinkPageTest@7fee8714]" started-at="2024-04-27T15:25:18 IST" name="browserSetUp" finished-at="2024-04-27T15:25:35 IST" duration-ms="17014" status="PASS">
          <reporter-output>
          </reporter-output>
        </test-method> <!-- browserSetUp -->
        <test-method signature="validate_FooterLink_Notes()[pri:0, instance:com.LumaTestCases.footerLinkPageTest@7fee8714]" started-at="2024-04-27T15:25:35 IST" name="validate_FooterLink_Notes" finished-at="2024-04-27T15:25:39 IST" duration-ms="3861" status="PASS">
          <reporter-output>
          </reporter-output>
        </test-method> <!-- validate_FooterLink_Notes -->
        <test-method is-config="true" signature="closeBrowser()[pri:0, instance:com.LumaTestCases.footerLinkPageTest@7fee8714]" started-at="2024-04-27T15:25:39 IST" name="closeBrowser" finished-at="2024-04-27T15:25:39 IST" duration-ms="279" status="PASS">
          <reporter-output>
          </reporter-output>
        </test-method> <!-- closeBrowser -->
      </class> <!-- com.LumaTestCases.footerLinkPageTest -->
    </test> <!-- Default test -->
  </suite> <!-- Default suite -->
</testng-results>
